AmazonAffiliateFramework/build/outputs/mapping/release/seeds.txt
com.app.amazonframework.R
com.app.amazonframework.R$anim
com.app.amazonframework.R$anim: int abc_fade_in
com.app.amazonframework.R$anim: int abc_fade_out
com.app.amazonframework.R$anim: int abc_grow_fade_in_from_bottom
com.app.amazonframework.R$anim: int abc_popup_enter
com.app.amazonframework.R$anim: int abc_popup_exit
com.app.amazonframework.R$anim: int abc_shrink_fade_out_from_bottom
com.app.amazonframework.R$anim: int abc_slide_in_bottom
com.app.amazonframework.R$anim: int abc_slide_in_top
com.app.amazonframework.R$anim: int abc_slide_out_bottom
com.app.amazonframework.R$anim: int abc_slide_out_top
com.app.amazonframework.R$anim: int tooltip_enter
com.app.amazonframework.R$anim: int tooltip_exit
com.app.amazonframework.R$attr
com.app.amazonframework.R$attr: int actionBarDivider
com.app.amazonframework.R$attr: int actionBarItemBackground
com.app.amazonframework.R$attr: int actionBarPopupTheme
com.app.amazonframework.R$attr: int actionBarSize
com.app.amazonframework.R$attr: int actionBarSplitStyle
com.app.amazonframework.R$attr: int actionBarStyle
com.app.amazonframework.R$attr: int actionBarTabBarStyle
com.app.amazonframework.R$attr: int actionBarTabStyle
com.app.amazonframework.R$attr: int actionBarTabTextStyle
com.app.amazonframework.R$attr: int actionBarTheme
com.app.amazonframework.R$attr: int actionBarWidgetTheme
com.app.amazonframework.R$attr: int actionButtonStyle
com.app.amazonframework.R$attr: int actionDropDownStyle
com.app.amazonframework.R$attr: int actionLayout
com.app.amazonframework.R$attr: int actionMenuTextAppearance
com.app.amazonframework.R$attr: int actionMenuTextColor
com.app.amazonframework.R$attr: int actionModeBackground
com.app.amazonframework.R$attr: int actionModeCloseButtonStyle
com.app.amazonframework.R$attr: int actionModeCloseDrawable
com.app.amazonframework.R$attr: int actionModeCopyDrawable
com.app.amazonframework.R$attr: int actionModeCutDrawable
com.app.amazonframework.R$attr: int actionModeFindDrawable
com.app.amazonframework.R$attr: int actionModePasteDrawable
com.app.amazonframework.R$attr: int actionModePopupWindowStyle
com.app.amazonframework.R$attr: int actionModeSelectAllDrawable
com.app.amazonframework.R$bool
com.app.amazonframework.R$bool: int abc_action_bar_embed_tabs
com.app.amazonframework.R$bool: int abc_allow_stacked_button_bar
com.app.amazonframework.R$bool: int abc_config_actionMenuItemAllCaps
com.app.amazonframework.R$bool: int abc_config_closeDialogWhenTouchOutside
com.app.amazonframework.R$bool: int abc_config_showMenuShortcutsWhenKeyboardPresent
...
android.support.compat.R$id
android.support.compat.R$id: int action_container
android.support.compat.R$id: int action_divider
android.support.compat.R$id: int action_image
android.support.compat.R$id: int action_text
android.support.compat.R$id: int actions
android.support.compat.R$id: int async
android.support.compat.R$id: int blocking
android.support.compat.R$id: int chronometer
android.support.compat.R$id: int forever
android.support.compat.R$id: int icon
android.support.compat.R$id: int icon_group
android.support.compat.R$id: int info
android.support.compat.R$id: int italic
android.support.compat.R$id: int line1
android.support.compat.R$id: int line3
android.support.compat.R$id: int normal
android.support.compat.R$id: int notification_background
android.support.compat.R$id: int notification_main_column
android.support.compat.R$id: int notification_main_column_container
android.support.compat.R$id: int right_icon
android.support.compat.R$id: int right_side
android.support.compat.R$id: int text
android.support.compat.R$id: int text2
android.support.compat.R$id: int time
android.support.compat.R$id: int title
android.support.compat.R$integer
android.support.compat.R$integer: int status_bar_notification_info_maxnum
android.support.compat.R$layout
android.support.compat.R$layout: int notification_action
android.support.compat.R$layout: int notification_action_tombstone
android.support.compat.R$layout: int notification_template_custom_big
android.support.compat.R$layout: int notification_template_icon_group
android.support.compat.R$layout: int notification_template_part_chronometer
android.support.compat.R$layout: int notification_template_part_time
android.support.compat.R$string
android.support.compat.R$string: int status_bar_notification_info_overflow
android.support.compat.R$style
android.support.compat.R$style: int TextAppearance_Compat_Notification
android.support.compat.R$style: int TextAppearance_Compat_Notification_Info
android.support.compat.R$style: int TextAppearance_Compat_Notification_Line2
android.support.compat.R$style: int TextAppearance_Compat_Notification_Time
android.support.compat.R$style: int TextAppearance_Compat_Notification_Title
android.support.compat.R$style: int Widget_Compat_NotificationActionContainer
android.support.compat.R$style: int Widget_Compat_NotificationActionText
android.support.compat.R$styleable
android.support.compat.R$styleable: int[] FontFamily
android.support.compat.R$styleable: int[] FontFamilyFont
android.support.compat.R$styleable: int FontFamilyFont_font
android.support.compat.R$styleable: int FontFamilyFont_fontStyle
android.support.compat.R$styleable: int FontFamilyFont_fontWeight
android.support.compat.R$styleable: int FontFamily_fontProviderAuthority
android.support.compat.R$styleable: int FontFamily_fontProviderCerts
android.support.compat.R$styleable: int FontFamily_fontProviderFetchStrategy
android.support.compat.R$styleable: int FontFamily_fontProviderFetchTimeout
android.support.compat.R$styleable: int FontFamily_fontProviderPackage
android.support.compat.R$styleable: int FontFamily_fontProviderQuery
android.support.coreui.R
android.support.coreui.R$attr
android.support.coreui.R$attr: int font
android.support.coreui.R$attr: int fontProviderAuthority
android.support.coreui.R$attr: int fontProviderCerts
android.support.coreui.R$attr: int fontProviderFetchStrategy
android.support.coreui.R$attr: int fontProviderFetchTimeout
android.support.coreui.R$attr: int fontProviderPackage
android.support.coreui.R$attr: int fontProviderQuery
android.support.coreui.R$attr: int fontStyle
android.support.coreui.R$attr: int fontWeight
android.support.coreui.R$bool
android.support.coreui.R$bool: int abc_action_bar_embed_tabs