AmazonAffiliateFramework/build/outputs/mapping/release/mapping.txt
com.app.amazonframework.R -> com.app.amazonframework.R:
    void <init>() -> <init>
com.app.amazonframework.R$anim -> com.app.amazonframework.R$anim:
    int abc_fade_in -> abc_fade_in
    int abc_fade_out -> abc_fade_out
    int abc_grow_fade_in_from_bottom -> abc_grow_fade_in_from_bottom
    int abc_popup_enter -> abc_popup_enter
    int abc_popup_exit -> abc_popup_exit
    int abc_shrink_fade_out_from_bottom -> abc_shrink_fade_out_from_bottom
    int abc_slide_in_bottom -> abc_slide_in_bottom
    int abc_slide_in_top -> abc_slide_in_top
    int abc_slide_out_bottom -> abc_slide_out_bottom
    int abc_slide_out_top -> abc_slide_out_top
    int tooltip_enter -> tooltip_enter
    int tooltip_exit -> tooltip_exit
    void <init>() -> <init>
    void <clinit>() -> <clinit>
com.app.amazonframework.R$attr -> com.app.amazonframework.R$attr:
    int actionBarDivider -> actionBarDivider
    int actionBarItemBackground -> actionBarItemBackground
    int actionBarPopupTheme -> actionBarPopupTheme
    int actionBarSize -> actionBarSize
    int actionBarSplitStyle -> actionBarSplitStyle
    int actionBarStyle -> actionBarStyle
    int actionBarTabBarStyle -> actionBarTabBarStyle
    int actionBarTabStyle -> actionBarTabStyle
    int actionBarTabTextStyle -> actionBarTabTextStyle
    int actionBarTheme -> actionBarTheme
    int actionBarWidgetTheme -> actionBarWidgetTheme
    int actionButtonStyle -> actionButtonStyle
    int actionDropDownStyle -> actionDropDownStyle
    int actionLayout -> actionLayout
    int actionMenuTextAppearance -> actionMenuTextAppearance
    int actionMenuTextColor -> actionMenuTextColor
    int actionModeBackground -> actionModeBackground
    int actionModeCloseButtonStyle -> actionModeCloseButtonStyle
    int actionModeCloseDrawable -> actionModeCloseDrawable
    int actionModeCopyDrawable -> actionModeCopyDrawable
    int actionModeCutDrawable -> actionModeCutDrawable
    int actionModeFindDrawable -> actionModeFindDrawable
    int actionModePasteDrawable -> actionModePasteDrawable
    int actionModePopupWindowStyle -> actionModePopupWindowStyle
    int actionModeSelectAllDrawable -> actionModeSelectAllDrawable
    int actionModeShareDrawable -> actionModeShareDrawable
com.app.amazonframework.R$bool -> com.app.amazonframework.R$bool:
    int abc_action_bar_embed_tabs -> abc_action_bar_embed_tabs
    int abc_allow_stacked_button_bar -> abc_allow_stacked_button_bar
    int abc_config_actionMenuItemAllCaps -> abc_config_actionMenuItemAllCaps
    int abc_config_closeDialogWhenTouchOutside -> abc_config_closeDialogWhenTouchOutside
    int abc_config_showMenuShortcutsWhenKeyboardPresent -> abc_config_showMenuShortcutsWhenKeyboardPresent
    void <init>() -> <init>
    void <clinit>() -> <clinit>
...
android.support.mediacompat.R$drawable -> android.support.mediacompat.R$drawable:
    int notification_action_background -> notification_action_background
    int notification_bg -> notification_bg
    int notification_bg_low -> notification_bg_low
    int notification_bg_low_normal -> notification_bg_low_normal
    int notification_bg_low_pressed -> notification_bg_low_pressed
    int notification_bg_normal -> notification_bg_normal
    int notification_bg_normal_pressed -> notification_bg_normal_pressed
    int notification_icon_background -> notification_icon_background
    int notification_template_icon_bg -> notification_template_icon_bg
    int notification_template_icon_low_bg -> notification_template_icon_low_bg
    int notification_tile_bg -> notification_tile_bg
    int notify_panel_notification_icon_bg -> notify_panel_notification_icon_bg
    void <init>() -> <init>
    void <clinit>() -> <clinit>
android.support.mediacompat.R$id -> android.support.mediacompat.R$id:
    int action0 -> action0
    int action_container -> action_container
    int action_divider -> action_divider
    int action_image -> action_image
    int action_text -> action_text
    int actions -> actions
    int async -> async
    int blocking -> blocking
    int cancel_action -> cancel_action
    int chronometer -> chronometer
    int end_padder -> end_padder
    int forever -> forever
    int icon -> icon
    int icon_group -> icon_group
    int info -> info
    int italic -> italic
    int line1 -> line1
    int line3 -> line3
    int media_actions -> media_actions
    int normal -> normal
    int notification_background -> notification_background
    int notification_main_column -> notification_main_column
    int notification_main_column_container -> notification_main_column_container
    int right_icon -> right_icon
    int right_side -> right_side
    int status_bar_latest_event_content -> status_bar_latest_event_content
    int text -> text
    int text2 -> text2
    int time -> time
    int title -> title
    void <init>() -> <init>
    void <clinit>() -> <clinit>
android.support.mediacompat.R$integer -> android.support.mediacompat.R$integer:
    int cancel_button_image_alpha -> cancel_button_image_alpha
    int status_bar_notification_info_maxnum -> status_bar_notification_info_maxnum
    void <init>() -> <init>
    void <clinit>() -> <clinit>
android.support.mediacompat.R$layout -> android.support.mediacompat.R$layout:
    int notification_action -> notification_action
    int notification_action_tombstone -> notification_action_tombstone
    int notification_media_action -> notification_media_action
    int notification_media_cancel_action -> notification_media_cancel_action
    int notification_template_big_media -> notification_template_big_media
    int notification_template_big_media_custom -> notification_template_big_media_custom
    int notification_template_big_media_narrow -> notification_template_big_media_narrow
    int notification_template_big_media_narrow_custom -> notification_template_big_media_narrow_custom
    int notification_template_custom_big -> notification_template_custom_big
    int notification_template_icon_group -> notification_template_icon_group
    int notification_template_lines_media -> notification_template_lines_media
    int notification_template_media -> notification_template_media
    int notification_template_media_custom -> notification_template_media_custom
    int notification_template_part_chronometer -> notification_template_part_chronometer
    int notification_template_part_time -> notification_template_part_time
    void <init>() -> <init>
    void <clinit>() -> <clinit>
android.support.mediacompat.R$string -> android.support.mediacompat.R$string:
    int status_bar_notification_info_overflow -> status_bar_notification_info_overflow
    void <init>() -> <init>
    void <clinit>() -> <clinit>