AmazonAffiliateFramework/build/outputs/mapping/release/usage.txt
com.app.amazonframework.BuildConfig